<?xml version="1.0" encoding="UTF-8"?>
<coverage generated="1591415401">
  <project timestamp="1591415401">
    <package name="Stefaminator\Cli">
      <file name="/var/concludis/php-cli-cmd/src/Stefaminator/Cli/App.php">
        <class name="Stefaminator\Cli\App" namespace="Stefaminator\Cli">
          <metrics complexity="6" methods="2" coveredmethods="0" conditionals="0" coveredconditionals="0" statements="10" coveredstatements="0" elements="12" coveredelements="0"/>
        </class>
        <line num="16" type="method" name="eol" visibility="public" complexity="1" crap="2" count="0"/>
        <line num="17" type="stmt" count="0"/>
        <line num="18" type="stmt" count="0"/>
        <line num="20" type="method" name="echo" visibility="public" complexity="4" crap="20" count="0"/>
        <line num="22" type="stmt" count="0"/>
        <line num="24" type="stmt" count="0"/>
        <line num="25" type="stmt" count="0"/>
        <line num="26" type="stmt" count="0"/>
        <line num="27" type="stmt" count="0"/>
        <line num="29" type="stmt" count="0"/>
        <line num="32" type="stmt" count="0"/>
        <line num="33" type="stmt" count="0"/>
        <metrics loc="35" ncloc="32" classes="1" methods="2" coveredmethods="0" conditionals="0" coveredconditionals="0" statements="10" coveredstatements="0" elements="12" coveredelements="0"/>
      </file>
      <file name="/var/concludis/php-cli-cmd/src/Stefaminator/Cli/AppParser.php">
        <class name="Stefaminator\Cli\AppParser" namespace="Stefaminator\Cli">
          <metrics complexity="20" methods="6" coveredmethods="2" conditionals="0" coveredconditionals="0" statements="55" coveredstatements="26" elements="61" coveredelements="28"/>
        </class>
        <line num="13" type="method" name="run" visibility="public" complexity="6" crap="42" count="0"/>
        <line num="14" type="stmt" count="0"/>
        <line num="17" type="stmt" count="0"/>
        <line num="19" type="stmt" count="0"/>
        <line num="21" type="stmt" count="0"/>
        <line num="22" type="stmt" count="0"/>
        <line num="25" type="stmt" count="0"/>
        <line num="26" type="stmt" count="0"/>
        <line num="29" type="stmt" count="0"/>
        <line num="30" type="stmt" count="0"/>
        <line num="34" type="stmt" count="0"/>
        <line num="36" type="stmt" count="0"/>
        <line num="37" type="stmt" count="0"/>
        <line num="38" type="stmt" count="0"/>
        <line num="39" type="stmt" count="0"/>
        <line num="40" type="stmt" count="0"/>
        <line num="43" type="stmt" count="0"/>
        <line num="50" type="method" name="callCallable" visibility="private" complexity="2" crap="6" count="0"/>
        <line num="52" type="stmt" count="0"/>
        <line num="54" type="stmt" count="0"/>
        <line num="55" type="stmt" count="0"/>
        <line num="56" type="stmt" count="0"/>
        <line num="59" type="stmt" count="0"/>
        <line num="68" type="method" name="callMethod" visibility="private" complexity="2" crap="6" count="0"/>
        <line num="70" type="stmt" count="0"/>
        <line num="72" type="stmt" count="0"/>
        <line num="73" type="stmt" count="0"/>
        <line num="74" type="stmt" count="0"/>
        <line num="77" type="stmt" count="0"/>
        <line num="85" type="method" name="parse" visibility="public" complexity="5" crap="5.12" count="15"/>
        <line num="87" type="stmt" count="15"/>
        <line num="89" type="stmt" count="15"/>
        <line num="91" type="stmt" count="15"/>
        <line num="94" type="stmt" count="15"/>
        <line num="96" type="stmt" count="0"/>
        <line num="98" type="stmt" count="0"/>
        <line num="100" type="stmt" count="0"/>
        <line num="103" type="stmt" count="15"/>
        <line num="105" type="stmt" count="12"/>
        <line num="107" type="stmt" count="12"/>
        <line num="109" type="stmt" count="12"/>
        <line num="111" type="stmt" count="6"/>
        <line num="114" type="stmt" count="6"/>
        <line num="115" type="stmt" count="1"/>
        <line num="116" type="stmt" count="1"/>
        <line num="117" type="stmt" count="6"/>
        <line num="121" type="stmt" count="7"/>
        <line num="125" type="stmt" count="14"/>
        <line num="133" type="method" name="getSubcommand" visibility="private" complexity="3" crap="3" count="12"/>
        <line num="135" type="stmt" count="12"/>
        <line num="136" type="stmt" count="12"/>
        <line num="137" type="stmt" count="6"/>
        <line num="140" type="stmt" count="12"/>
        <line num="148" type="method" name="parseSubcommand" visibility="private" complexity="2" crap="2" count="6"/>
        <line num="150" type="stmt" count="6"/>
        <line num="152" type="stmt" count="6"/>
        <line num="154" type="stmt" count="6"/>
        <line num="156" type="stmt" count="4"/>
        <line num="158" type="stmt" count="4"/>
        <line num="160" type="stmt" count="4"/>
        <line num="162" type="stmt" count="5"/>
        <metrics loc="164" ncloc="138" classes="1" methods="6" coveredmethods="2" conditionals="0" coveredconditionals="0" statements="55" coveredstatements="26" elements="61" coveredelements="28"/>
      </file>
      <file name="/var/concludis/php-cli-cmd/src/Stefaminator/Cli/Cmd.php">
        <class name="Stefaminator\Cli\Cmd" namespace="Stefaminator\Cli">
          <metrics complexity="35" methods="16" coveredmethods="6" conditionals="0" coveredconditionals="0" statements="73" coveredstatements="49" elements="89" coveredelements="55"/>
        </class>
        <line num="65" type="method" name="__construct" visibility="public" complexity="2" crap="2.01" count="15"/>
        <line num="66" type="stmt" count="15"/>
        <line num="67" type="stmt" count="15"/>
        <line num="68" type="stmt" count="15"/>
        <line num="69" type="stmt" count="15"/>
        <line num="70" type="stmt" count="15"/>
        <line num="72" type="stmt" count="0"/>
        <line num="73" type="stmt" count="15"/>
        <line num="76" type="stmt" count="15"/>
        <line num="78" type="method" name="addOption" visibility="public" complexity="1" crap="1" count="15"/>
        <line num="80" type="stmt" count="15"/>
        <line num="82" type="stmt" count="15"/>
        <line num="85" type="method" name="addSubCmd" visibility="public" complexity="1" crap="1" count="15"/>
        <line num="87" type="stmt" count="15"/>
        <line num="88" type="stmt" count="15"/>
        <line num="90" type="stmt" count="15"/>
        <line num="93" type="method" name="setDescription" visibility="public" complexity="1" crap="1" count="15"/>
        <line num="95" type="stmt" count="15"/>
        <line num="97" type="stmt" count="15"/>
        <line num="104" type="method" name="setCallable" visibility="public" complexity="2" crap="2.50" count="15"/>
        <line num="107" type="stmt" count="15"/>
        <line num="109" type="stmt" count="0"/>
        <line num="110" type="stmt" count="0"/>
        <line num="114" type="stmt" count="15"/>
        <line num="117" type="method" name="hasSubCmd" visibility="public" complexity="1" crap="1" count="12"/>
        <line num="118" type="stmt" count="12"/>
        <line num="121" type="method" name="hasProvidedOption" visibility="public" complexity="2" crap="6" count="0"/>
        <line num="122" type="stmt" count="0"/>
        <line num="125" type="method" name="getProvidedOption" visibility="public" complexity="2" crap="6" count="0"/>
        <line num="126" type="stmt" count="0"/>
        <line num="127" type="stmt" count="0"/>
        <line num="129" type="stmt" count="0"/>
        <line num="132" type="method" name="getSubCmd" visibility="public" complexity="3" crap="3.33" count="6"/>
        <line num="133" type="stmt" count="6"/>
        <line num="134" type="stmt" count="6"/>
        <line num="136" type="stmt" count="0"/>
        <line num="139" type="method" name="getMethodName" visibility="public" complexity="4" crap="4" count="7"/>
        <line num="140" type="stmt" count="7"/>
        <line num="141" type="stmt" count="7"/>
        <line num="143" type="stmt" count="7"/>
        <line num="144" type="stmt" count="7"/>
        <line num="145" type="stmt" count="7"/>
        <line num="148" type="stmt" count="7"/>
        <line num="150" type="stmt" count="7"/>
        <line num="151" type="stmt" count="7"/>
        <line num="152" type="stmt" count="7"/>
        <line num="155" type="stmt" count="7"/>
        <line num="158" type="method" name="getCallable" visibility="public" complexity="2" crap="6" count="0"/>
        <line num="159" type="stmt" count="0"/>
        <line num="162" type="method" name="getOptionCollection" visibility="public" complexity="5" crap="5.01" count="15"/>
        <line num="164" type="stmt" count="15"/>
        <line num="165" type="stmt" count="0"/>
        <line num="168" type="stmt" count="15"/>
        <line num="170" type="stmt" count="15"/>
        <line num="172" type="stmt" count="15"/>
        <line num="173" type="stmt" count="15"/>
        <line num="174" type="stmt" count="15"/>
        <line num="175" type="stmt" count="9"/>
        <line num="177" type="stmt" count="15"/>
        <line num="178" type="stmt" count="8"/>
        <line num="182" type="stmt" count="15"/>
        <line num="183" type="stmt" count="15"/>
        <line num="186" type="method" name="handleOptionParseException" visibility="public" complexity="2" crap="6" count="0"/>
        <line num="188" type="stmt" count="0"/>
        <line num="189" type="stmt" count="0"/>
        <line num="192" type="stmt" count="0"/>
        <line num="193" type="stmt" count="0"/>
        <line num="194" type="stmt" count="0"/>
        <line num="195" type="stmt" count="0"/>
        <line num="196" type="stmt" count="0"/>
        <line num="198" type="stmt" count="0"/>
        <line num="200" type="stmt" count="0"/>
        <line num="203" type="method" name="help" visibility="public" complexity="1" crap="2" count="0"/>
        <line num="204" type="stmt" count="0"/>
        <line num="205" type="stmt" count="0"/>
        <line num="213" type="method" name="validateCallable" visibility="private" complexity="4" crap="4.32" count="15"/>
        <line num="215" type="stmt" count="15"/>
        <line num="216" type="stmt" count="15"/>
        <line num="218" type="stmt" count="15"/>
        <line num="219" type="stmt" count="0"/>
        <line num="222" type="stmt" count="15"/>
        <line num="224" type="stmt" count="15"/>
        <line num="225" type="stmt" count="0"/>
        <line num="229" type="stmt" count="15"/>
        <line num="231" type="stmt" count="15"/>
        <line num="232" type="stmt" count="0"/>
        <line num="235" type="stmt" count="15"/>
        <line num="243" type="method" name="root" visibility="public" complexity="1" crap="1" count="15"/>
        <line num="244" type="stmt" count="15"/>
        <metrics loc="245" ncloc="205" classes="1" methods="16" coveredmethods="6" conditionals="0" coveredconditionals="0" statements="73" coveredstatements="49" elements="89" coveredelements="55"/>
      </file>
      <file name="/var/concludis/php-cli-cmd/src/Stefaminator/Cli/CmdRunner.php">
        <class name="Stefaminator\Cli\CmdRunner" namespace="Stefaminator\Cli">
          <metrics complexity="3" methods="2" coveredmethods="0" conditionals="0" coveredconditionals="0" statements="3" coveredstatements="0" elements="5" coveredelements="0"/>
        </class>
        <line num="18" type="method" name="__construct" visibility="public" complexity="1" crap="2" count="0"/>
        <line num="19" type="stmt" count="0"/>
        <line num="20" type="stmt" count="0"/>
        <line num="25" type="method" name="cmd" visibility="public" complexity="1" crap="2" count="0"/>
        <line num="26" type="stmt" count="0"/>
        <metrics loc="32" ncloc="19" classes="1" methods="2" coveredmethods="0" conditionals="0" coveredconditionals="0" statements="3" coveredstatements="0" elements="5" coveredelements="0"/>
      </file>
      <file name="/var/concludis/php-cli-cmd/src/Stefaminator/Cli/Color.php">
        <class name="Stefaminator\Cli\Color" namespace="Stefaminator\Cli">
          <metrics complexity="14" methods="9" coveredmethods="2" conditionals="0" coveredconditionals="0" statements="45" coveredstatements="32" elements="54" coveredelements="34"/>
        </class>
        <line num="35" type="method" name="getForegroundColors" visibility="public" complexity="1" crap="1" count="1"/>
        <line num="37" type="stmt" count="1"/>
        <line num="38" type="stmt" count="1"/>
        <line num="39" type="stmt" count="1"/>
        <line num="40" type="stmt" count="1"/>
        <line num="41" type="stmt" count="1"/>
        <line num="42" type="stmt" count="1"/>
        <line num="43" type="stmt" count="1"/>
        <line num="44" type="stmt" count="1"/>
        <line num="45" type="stmt" count="1"/>
        <line num="46" type="stmt" count="1"/>
        <line num="47" type="stmt" count="1"/>
        <line num="48" type="stmt" count="1"/>
        <line num="49" type="stmt" count="1"/>
        <line num="50" type="stmt" count="1"/>
        <line num="51" type="stmt" count="1"/>
        <line num="52" type="stmt" count="1"/>
        <line num="56" type="method" name="getBackgroundColors" visibility="public" complexity="1" crap="1" count="1"/>
        <line num="58" type="stmt" count="1"/>
        <line num="59" type="stmt" count="1"/>
        <line num="60" type="stmt" count="1"/>
        <line num="61" type="stmt" count="1"/>
        <line num="62" type="stmt" count="1"/>
        <line num="63" type="stmt" count="1"/>
        <line num="64" type="stmt" count="1"/>
        <line num="65" type="stmt" count="1"/>
        <line num="70" type="method" name="getColoredString" visibility="public" complexity="6" crap="6.05" count="1"/>
        <line num="72" type="stmt" count="1"/>
        <line num="73" type="stmt" count="0"/>
        <line num="76" type="stmt" count="1"/>
        <line num="79" type="stmt" count="1"/>
        <line num="80" type="stmt" count="1"/>
        <line num="83" type="stmt" count="1"/>
        <line num="84" type="stmt" count="1"/>
        <line num="88" type="stmt" count="1"/>
        <line num="90" type="stmt" count="1"/>
        <line num="93" type="method" name="echo" visibility="public" complexity="1" crap="2" count="0"/>
        <line num="94" type="stmt" count="0"/>
        <line num="95" type="stmt" count="0"/>
        <line num="97" type="method" name="red" visibility="public" complexity="1" crap="2" count="0"/>
        <line num="98" type="stmt" count="0"/>
        <line num="99" type="stmt" count="0"/>
        <line num="101" type="method" name="green" visibility="public" complexity="1" crap="2" count="0"/>
        <line num="102" type="stmt" count="0"/>
        <line num="103" type="stmt" count="0"/>
        <line num="105" type="method" name="blue" visibility="public" complexity="1" crap="2" count="0"/>
        <line num="106" type="stmt" count="0"/>
        <line num="107" type="stmt" count="0"/>
        <line num="109" type="method" name="yellow" visibility="public" complexity="1" crap="2" count="0"/>
        <line num="110" type="stmt" count="0"/>
        <line num="111" type="stmt" count="0"/>
        <line num="113" type="method" name="purple" visibility="public" complexity="1" crap="2" count="0"/>
        <line num="114" type="stmt" count="0"/>
        <line num="115" type="stmt" count="0"/>
        <metrics loc="116" ncloc="108" classes="1" methods="9" coveredmethods="2" conditionals="0" coveredconditionals="0" statements="45" coveredstatements="32" elements="54" coveredelements="34"/>
      </file>
      <file name="/var/concludis/php-cli-cmd/src/Stefaminator/Cli/HelpRunner.php">
        <class name="Stefaminator\Cli\HelpRunner" namespace="Stefaminator\Cli">
          <metrics complexity="14" methods="5" coveredmethods="0" conditionals="0" coveredconditionals="0" statements="57" coveredstatements="0" elements="62" coveredelements="0"/>
        </class>
        <line num="10" type="method" name="run" visibility="public" complexity="1" crap="2" count="0"/>
        <line num="11" type="stmt" count="0"/>
        <line num="12" type="stmt" count="0"/>
        <line num="13" type="stmt" count="0"/>
        <line num="14" type="stmt" count="0"/>
        <line num="15" type="stmt" count="0"/>
        <line num="17" type="method" name="displayHeader" visibility="public" complexity="1" crap="2" count="0"/>
        <line num="30" type="stmt" count="0"/>
        <line num="32" type="stmt" count="0"/>
        <line num="33" type="stmt" count="0"/>
        <line num="35" type="method" name="displayUsage" visibility="public" complexity="4" crap="20" count="0"/>
        <line num="37" type="stmt" count="0"/>
        <line num="39" type="stmt" count="0"/>
        <line num="40" type="stmt" count="0"/>
        <line num="42" type="stmt" count="0"/>
        <line num="44" type="stmt" count="0"/>
        <line num="45" type="stmt" count="0"/>
        <line num="46" type="stmt" count="0"/>
        <line num="48" type="stmt" count="0"/>
        <line num="50" type="stmt" count="0"/>
        <line num="51" type="stmt" count="0"/>
        <line num="52" type="stmt" count="0"/>
        <line num="55" type="stmt" count="0"/>
        <line num="56" type="stmt" count="0"/>
        <line num="58" type="method" name="displayOptions" visibility="public" complexity="5" crap="30" count="0"/>
        <line num="60" type="stmt" count="0"/>
        <line num="62" type="stmt" count="0"/>
        <line num="63" type="stmt" count="0"/>
        <line num="65" type="stmt" count="0"/>
        <line num="67" type="stmt" count="0"/>
        <line num="68" type="stmt" count="0"/>
        <line num="69" type="stmt" count="0"/>
        <line num="71" type="stmt" count="0"/>
        <line num="73" type="stmt" count="0"/>
        <line num="74" type="stmt" count="0"/>
        <line num="75" type="stmt" count="0"/>
        <line num="77" type="stmt" count="0"/>
        <line num="79" type="stmt" count="0"/>
        <line num="80" type="stmt" count="0"/>
        <line num="82" type="stmt" count="0"/>
        <line num="83" type="stmt" count="0"/>
        <line num="85" type="stmt" count="0"/>
        <line num="86" type="stmt" count="0"/>
        <line num="87" type="stmt" count="0"/>
        <line num="90" type="stmt" count="0"/>
        <line num="93" type="stmt" count="0"/>
        <line num="96" type="stmt" count="0"/>
        <line num="98" type="method" name="displaySubcommands" visibility="public" complexity="3" crap="12" count="0"/>
        <line num="100" type="stmt" count="0"/>
        <line num="102" type="stmt" count="0"/>
        <line num="104" type="stmt" count="0"/>
        <line num="106" type="stmt" count="0"/>
        <line num="107" type="stmt" count="0"/>
        <line num="108" type="stmt" count="0"/>
        <line num="110" type="stmt" count="0"/>
        <line num="112" type="stmt" count="0"/>
        <line num="113" type="stmt" count="0"/>
        <line num="115" type="stmt" count="0"/>
        <line num="116" type="stmt" count="0"/>
        <line num="118" type="stmt" count="0"/>
        <line num="121" type="stmt" count="0"/>
        <line num="123" type="stmt" count="0"/>
        <metrics loc="124" ncloc="124" classes="1" methods="5" coveredmethods="0" conditionals="0" coveredconditionals="0" statements="57" coveredstatements="0" elements="62" coveredelements="0"/>
      </file>
      <file name="/var/concludis/php-cli-cmd/src/Stefaminator/Cli/Progress.php">
        <class name="Stefaminator\Cli\Progress" namespace="Stefaminator\Cli">
          <metrics complexity="10" methods="4" coveredmethods="3" conditionals="0" coveredconditionals="0" statements="33" coveredstatements="32" elements="37" coveredelements="35"/>
        </class>
        <line num="10" type="method" name="showStatus" visibility="public" complexity="4" crap="4" count="1"/>
        <line num="12" type="stmt" count="1"/>
        <line num="15" type="stmt" count="1"/>
        <line num="16" type="stmt" count="0"/>
        <line num="19" type="stmt" count="1"/>
        <line num="20" type="stmt" count="1"/>
        <line num="23" type="stmt" count="1"/>
        <line num="25" type="stmt" count="1"/>
        <line num="27" type="stmt" count="1"/>
        <line num="29" type="stmt" count="1"/>
        <line num="30" type="stmt" count="1"/>
        <line num="32" type="stmt" count="1"/>
        <line num="34" type="stmt" count="1"/>
        <line num="35" type="stmt" count="1"/>
        <line num="37" type="stmt" count="1"/>
        <line num="39" type="stmt" count="1"/>
        <line num="41" type="stmt" count="1"/>
        <line num="42" type="stmt" count="1"/>
        <line num="43" type="stmt" count="1"/>
        <line num="45" type="stmt" count="1"/>
        <line num="47" type="stmt" count="1"/>
        <line num="49" type="stmt" count="1"/>
        <line num="51" type="stmt" count="1"/>
        <line num="54" type="stmt" count="1"/>
        <line num="55" type="stmt" count="1"/>
        <line num="56" type="stmt" count="1"/>
        <line num="58" type="stmt" count="1"/>
        <line num="60" type="method" name="getStatusbar" visibility="private" complexity="2" crap="2" count="1"/>
        <line num="62" type="stmt" count="1"/>
        <line num="64" type="stmt" count="1"/>
        <line num="65" type="stmt" count="1"/>
        <line num="66" type="stmt" count="1"/>
        <line num="69" type="stmt" count="1"/>
        <line num="72" type="method" name="getFactor" visibility="private" complexity="2" crap="2" count="1"/>
        <line num="74" type="stmt" count="1"/>
        <line num="77" type="method" name="getRate" visibility="private" complexity="2" crap="2" count="1"/>
        <line num="79" type="stmt" count="1"/>
        <metrics loc="80" ncloc="76" classes="1" methods="4" coveredmethods="3" conditionals="0" coveredconditionals="0" statements="33" coveredstatements="32" elements="37" coveredelements="35"/>
      </file>
    </package>
    <metrics files="7" loc="796" ncloc="702" classes="7" methods="44" coveredmethods="13" conditionals="0" coveredconditionals="0" statements="276" coveredstatements="139" elements="320" coveredelements="152"/>
  </project>
</coverage>
